2025-05-21 11:06:12,716 [INFO] Servidor 1 iniciado e aguardando comandos...
2025-05-21 11:06:12,716 [INFO] Servidor 1 escutando mensagens de replicacao, eleicao e sincronizacao.
2025-05-21 11:06:12,724 [INFO] Servidor 2 iniciado e aguardando comandos...
2025-05-21 11:06:12,724 [INFO] Servidor 2 escutando mensagens de replicacao, eleicao e sincronizacao.
2025-05-21 11:06:13,676 [INFO] [2] Iniciando eleicao com delay de 0.9487760721013937 segundos.
2025-05-21 11:06:13,676 [INFO] Mensagem recebida no canal de replicacao: ELEC|2|ELECTION
2025-05-21 11:06:13,676 [INFO] Mensagem recebida no canal de replicacao: ELEC|2|ELECTION
2025-05-21 11:06:13,790 [INFO] [1] Iniciando eleicao com delay de 1.0576991685665724 segundos.
2025-05-21 11:06:13,790 [INFO] Mensagem recebida no canal de replicacao: ELEC|1|ELECTION
2025-05-21 11:06:13,790 [INFO] Mensagem recebida no canal de replicacao: ELEC|1|ELECTION
2025-05-21 11:06:13,790 [INFO] Servidor 2 enviando OK para a eleicao em resposta a 1.
2025-05-21 11:06:13,790 [INFO] Mensagem recebida no canal de replicacao: ELEC|2|OK
2025-05-21 11:06:13,790 [INFO] Mensagem recebida no canal de replicacao: ELEC|2|OK
2025-05-21 11:06:13,790 [INFO] Servidor 1 recebeu OK na eleicao de 2.
2025-05-21 11:06:13,790 [INFO] Servidor 2 recebeu OK na eleicao de 2.
2025-05-21 11:06:18,677 [INFO] [2] Declarado como coordenador.
2025-05-21 11:06:18,677 [INFO] Coordenador 2: pedido de sincronizacao enviado.
2025-05-21 11:06:18,677 [INFO] Mensagem recebida no canal de replicacao: ELEC|2|COORDINATOR
2025-05-21 11:06:18,677 [INFO] Mensagem recebida no canal de replicacao: ELEC|2|COORDINATOR
2025-05-21 11:06:18,677 [INFO] Servidor 2 atualiza coordenador para 2.
2025-05-21 11:06:18,677 [INFO] Servidor 1 atualiza coordenador para 2.
2025-05-21 11:06:18,677 [INFO] Mensagem recebida no canal de replicacao: SYNC|REQUEST|2|1747836378.677768
2025-05-21 11:06:18,677 [INFO] Servidor 1 enviou SYNC|REPLY com seu horario.
2025-05-21 11:06:18,677 [INFO] Mensagem recebida no canal de replicacao: SYNC|REPLY|1|1747836378.677768
2025-05-21 11:06:18,677 [INFO] Sincronizacao: recebida resposta de 1 com tempo 1747836378.677768.
2025-05-21 11:06:18,677 [INFO] Mensagem recebida no canal de replicacao: SYNC|REPLY|1|1747836378.677768
2025-05-21 11:06:18,677 [INFO] Sincronizacao: recebida resposta de 1 com tempo 1747836378.677768.
2025-05-21 11:06:18,805 [INFO] [1] Declarado como coordenador.
2025-05-21 11:06:18,805 [INFO] Coordenador 1: pedido de sincronizacao enviado.
2025-05-21 11:06:18,805 [INFO] Mensagem recebida no canal de replicacao: ELEC|1|COORDINATOR
2025-05-21 11:06:18,805 [INFO] Mensagem recebida no canal de replicacao: ELEC|1|COORDINATOR
2025-05-21 11:06:18,805 [INFO] Servidor 1 atualiza coordenador para 1.
2025-05-21 11:06:18,805 [INFO] Servidor 2 atualiza coordenador para 1.
2025-05-21 11:06:18,805 [INFO] Mensagem recebida no canal de replicacao: SYNC|REQUEST|1|1747836378.8057678
2025-05-21 11:06:18,805 [INFO] Mensagem recebida no canal de replicacao: SYNC|REQUEST|1|1747836378.8057678
2025-05-21 11:06:18,805 [INFO] Servidor 2 enviou SYNC|REPLY com seu horario.
2025-05-21 11:06:18,805 [INFO] Mensagem recebida no canal de replicacao: SYNC|REPLY|2|1747836378.8057678
2025-05-21 11:06:18,805 [INFO] Mensagem recebida no canal de replicacao: SYNC|REPLY|2|1747836378.8057678
2025-05-21 11:06:18,805 [INFO] Sincronizacao: recebida resposta de 2 com tempo 1747836378.8057678.
2025-05-21 11:06:18,805 [INFO] Sincronizacao: recebida resposta de 2 com tempo 1747836378.8057678.
2025-05-21 11:06:23,682 [INFO] Ajuste de relogio: offset modificado em -3.2939770221710205 segundos. Novo offset: -3.2939770221710205
2025-05-21 11:06:23,682 [INFO] Coordenador 2: sincronizacao concluida com o ajuste -3.2939770221710205.
2025-05-21 11:06:23,682 [INFO] Mensagem recebida no canal de replicacao: SYNC|ADJUST|ALL|-3.2939770221710205
2025-05-21 11:06:23,682 [INFO] Ajuste de relogio: offset modificado em -3.2939770221710205 segundos. Novo offset: -3.2939770221710205
2025-05-21 11:06:23,682 [INFO] Ajuste de relogio: offset modificado em -3.2939770221710205 segundos. Novo offset: -6.587954044342041
2025-05-21 11:06:23,682 [INFO] Sincronizacao: ajuste aplicado para ALL com offset -3.2939770221710205.
2025-05-21 11:06:23,682 [INFO] Sincronizacao: ajuste aplicado para ALL com offset -3.2939770221710205.
2025-05-21 11:06:23,806 [INFO] Ajuste de relogio: offset modificado em -0.853569507598877 segundos. Novo offset: -4.1475465297698975
2025-05-21 11:06:23,806 [INFO] Coordenador 1: sincronizacao concluida com o ajuste -0.853569507598877.
2025-05-21 11:06:23,806 [INFO] Mensagem recebida no canal de replicacao: SYNC|ADJUST|ALL|-0.853569507598877
2025-05-21 11:06:23,806 [INFO] Ajuste de relogio: offset modificado em -0.853569507598877 segundos. Novo offset: -5.001116037368774
2025-05-21 11:06:23,806 [INFO] Mensagem recebida no canal de replicacao: SYNC|ADJUST|ALL|-0.853569507598877
2025-05-21 11:06:23,806 [INFO] Sincronizacao: ajuste aplicado para ALL com offset -0.853569507598877.
2025-05-21 11:06:23,806 [INFO] Ajuste de relogio: offset modificado em -0.853569507598877 segundos. Novo offset: -7.441523551940918
2025-05-21 11:06:23,806 [INFO] Sincronizacao: ajuste aplicado para ALL com offset -0.853569507598877.
2025-05-21 11:06:53,329 [INFO] Servidor 1 recebeu comando: PRIV|1|3|oi
2025-05-21 11:06:53,337 [INFO] Mensagem privada enviada de 1 para 3: oi
2025-05-21 11:06:53,337 [INFO] Mensagem recebida no canal de replicacao: REPL|1|PRIV|1|3|2025-05-21 11:06:53|oi
2025-05-21 11:06:53,337 [INFO] Mensagem recebida no canal de replicacao: REPL|1|PRIV|1|3|2025-05-21 11:06:53|oi
2025-05-21 11:06:53,690 [INFO] Coordenador 2: pedido de sincronizacao enviado.
2025-05-21 11:06:53,690 [INFO] Mensagem recebida no canal de replicacao: SYNC|REQUEST|2|1747836406.2494621
2025-05-21 11:06:53,690 [INFO] Servidor 2 enviou SYNC|REPLY com seu horario.
2025-05-21 11:06:53,690 [INFO] Mensagem recebida no canal de replicacao: SYNC|REPLY|2|1747836406.2494621
2025-05-21 11:06:53,690 [INFO] Mensagem recebida no canal de replicacao: SYNC|REPLY|2|1747836406.2494621
2025-05-21 11:06:53,690 [INFO] Sincronizacao: recebida resposta de 2 com tempo 1747836406.2494621.
2025-05-21 11:06:53,690 [INFO] Sincronizacao: recebida resposta de 2 com tempo 1747836406.2494621.
2025-05-21 11:06:53,809 [INFO] Coordenador 1: pedido de sincronizacao enviado.
2025-05-21 11:06:53,809 [INFO] Mensagem recebida no canal de replicacao: SYNC|REQUEST|1|1747836408.8080275
2025-05-21 11:06:53,809 [INFO] Mensagem recebida no canal de replicacao: SYNC|REQUEST|1|1747836408.8080275
2025-05-21 11:06:53,809 [INFO] Servidor 2 enviou SYNC|REPLY com seu horario.
2025-05-21 11:06:53,809 [INFO] Mensagem recebida no canal de replicacao: SYNC|REPLY|2|1747836406.36762
2025-05-21 11:06:53,809 [INFO] Sincronizacao: recebida resposta de 2 com tempo 1747836406.36762.
2025-05-21 11:06:58,704 [INFO] Ajuste de relogio: offset modificado em -2.4479095935821533 segundos. Novo offset: -9.889433145523071
2025-05-21 11:06:58,704 [INFO] Coordenador 2: sincronizacao concluida com o ajuste -2.4479095935821533.
2025-05-21 11:06:58,704 [INFO] Mensagem recebida no canal de replicacao: SYNC|ADJUST|ALL|-2.4479095935821533
2025-05-21 11:06:58,704 [INFO] Ajuste de relogio: offset modificado em -2.4479095935821533 segundos. Novo offset: -12.337342739105225
2025-05-21 11:06:58,704 [INFO] Ajuste de relogio: offset modificado em -2.4479095935821533 segundos. Novo offset: -7.449025630950928
2025-05-21 11:06:58,704 [INFO] Sincronizacao: ajuste aplicado para ALL com offset -2.4479095935821533.
2025-05-21 11:06:58,704 [INFO] Sincronizacao: ajuste aplicado para ALL com offset -2.4479095935821533.
2025-05-21 11:06:58,811 [INFO] Ajuste de relogio: offset modificado em -2.4974889755249023 segundos. Novo offset: -9.94651460647583
2025-05-21 11:06:58,811 [INFO] Coordenador 1: sincronizacao concluida com o ajuste -2.4974889755249023.
2025-05-21 11:06:58,811 [INFO] Mensagem recebida no canal de replicacao: SYNC|ADJUST|ALL|-2.4974889755249023
2025-05-21 11:06:58,811 [INFO] Ajuste de relogio: offset modificado em -2.4974889755249023 segundos. Novo offset: -12.444003582000732
2025-05-21 11:06:58,811 [INFO] Ajuste de relogio: offset modificado em -2.4974889755249023 segundos. Novo offset: -14.834831714630127
2025-05-21 11:06:58,811 [INFO] Sincronizacao: ajuste aplicado para ALL com offset -2.4974889755249023.
2025-05-21 11:06:58,811 [INFO] Sincronizacao: ajuste aplicado para ALL com offset -2.4974889755249023.
2025-05-21 11:07:00,659 [INFO] Servidor 2 recebeu comando: PRIV|1|2|tchau
2025-05-21 11:07:00,659 [INFO] Mensagem privada enviada de 1 para 2: tchau
2025-05-21 11:07:00,659 [INFO] Mensagem recebida no canal de replicacao: REPL|2|PRIV|1|2|2025-05-21 11:07:00|tchau
2025-05-21 11:07:00,659 [INFO] Mensagem recebida no canal de replicacao: REPL|2|PRIV|1|2|2025-05-21 11:07:00|tchau
2025-05-21 11:07:24,418 [INFO] Servidor 1 recebeu comando: PRIV|2|2|fs
2025-05-21 11:07:24,418 [INFO] Mensagem privada enviada de 2 para 2: fs
2025-05-21 11:07:24,418 [INFO] Mensagem recebida no canal de replicacao: REPL|1|PRIV|2|2|2025-05-21 11:07:24|fs
2025-05-21 11:07:24,418 [INFO] Mensagem recebida no canal de replicacao: REPL|1|PRIV|2|2|2025-05-21 11:07:24|fs
2025-05-21 11:07:28,711 [INFO] Coordenador 2: pedido de sincronizacao enviado.
2025-05-21 11:07:28,711 [INFO] Mensagem recebida no canal de replicacao: SYNC|REQUEST|2|1747836433.876237
2025-05-21 11:07:28,711 [INFO] Mensagem recebida no canal de replicacao: SYNC|REQUEST|2|1747836433.876237
2025-05-21 11:07:28,711 [INFO] Servidor 2 enviou SYNC|REPLY com seu horario.
2025-05-21 11:07:28,711 [INFO] Mensagem recebida no canal de replicacao: SYNC|REPLY|2|1747836433.876237
2025-05-21 11:07:28,711 [INFO] Mensagem recebida no canal de replicacao: SYNC|REPLY|2|1747836433.876237
2025-05-21 11:07:28,711 [INFO] Sincronizacao: recebida resposta de 2 com tempo 1747836433.876237.
2025-05-21 11:07:28,711 [INFO] Sincronizacao: recebida resposta de 2 com tempo 1747836433.876237.
2025-05-21 11:07:28,821 [INFO] Coordenador 1: pedido de sincronizacao enviado.
2025-05-21 11:07:28,821 [INFO] Mensagem recebida no canal de replicacao: SYNC|REQUEST|1|1747836436.3773131
2025-05-21 11:07:28,821 [INFO] Mensagem recebida no canal de replicacao: SYNC|REQUEST|1|1747836436.3773131
2025-05-21 11:07:28,821 [INFO] Servidor 2 enviou SYNC|REPLY com seu horario.
2025-05-21 11:07:28,821 [INFO] Mensagem recebida no canal de replicacao: SYNC|REPLY|2|1747836433.986485
2025-05-21 11:07:28,821 [INFO] Sincronizacao: recebida resposta de 2 com tempo 1747836433.986485.
2025-05-21 11:07:28,821 [INFO] Mensagem recebida no canal de replicacao: SYNC|REPLY|2|1747836433.986485
2025-05-21 11:07:28,821 [INFO] Sincronizacao: recebida resposta de 2 com tempo 1747836433.986485.
2025-05-21 11:07:29,736 [INFO] Servidor 2 recebeu comando: SEGUIR|2|1
2025-05-21 11:07:29,736 [INFO] O cliente 2 comecou a seguir 1.
2025-05-21 11:07:29,736 [INFO] Mensagem recebida no canal de replicacao: REPL|2|SEGUIR|2|1
2025-05-21 11:07:29,736 [INFO] Mensagem recebida no canal de replicacao: REPL|2|SEGUIR|2|1
2025-05-21 11:07:33,716 [INFO] Ajuste de relogio: offset modificado em -2.447411060333252 segundos. Novo offset: -17.28224277496338
2025-05-21 11:07:33,716 [INFO] Coordenador 2: sincronizacao concluida com o ajuste -2.447411060333252.
2025-05-21 11:07:33,716 [INFO] Mensagem recebida no canal de replicacao: SYNC|ADJUST|ALL|-2.447411060333252
2025-05-21 11:07:33,716 [INFO] Mensagem recebida no canal de replicacao: SYNC|ADJUST|ALL|-2.447411060333252
2025-05-21 11:07:33,716 [INFO] Ajuste de relogio: offset modificado em -2.447411060333252 segundos. Novo offset: -19.72965383529663
2025-05-21 11:07:33,716 [INFO] Ajuste de relogio: offset modificado em -2.447411060333252 segundos. Novo offset: -14.891414642333984
2025-05-21 11:07:33,716 [INFO] Sincronizacao: ajuste aplicado para ALL com offset -2.447411060333252.
2025-05-21 11:07:33,716 [INFO] Sincronizacao: ajuste aplicado para ALL com offset -2.447411060333252.
2025-05-21 11:07:33,823 [INFO] Ajuste de relogio: offset modificado em -2.472918748855591 segundos. Novo offset: -17.364333391189575
2025-05-21 11:07:33,823 [INFO] Coordenador 1: sincronizacao concluida com o ajuste -2.472918748855591.
2025-05-21 11:07:33,824 [INFO] Mensagem recebida no canal de replicacao: SYNC|ADJUST|ALL|-2.472918748855591
2025-05-21 11:07:33,824 [INFO] Ajuste de relogio: offset modificado em -2.472918748855591 segundos. Novo offset: -19.837252140045166
2025-05-21 11:07:33,824 [INFO] Mensagem recebida no canal de replicacao: SYNC|ADJUST|ALL|-2.472918748855591
2025-05-21 11:07:33,824 [INFO] Sincronizacao: ajuste aplicado para ALL com offset -2.472918748855591.
2025-05-21 11:07:33,824 [INFO] Ajuste de relogio: offset modificado em -2.472918748855591 segundos. Novo offset: -22.20257258415222
2025-05-21 11:07:33,824 [INFO] Sincronizacao: ajuste aplicado para ALL com offset -2.472918748855591.
2025-05-21 11:07:36,799 [INFO] Servidor 1 recebeu comando: PRIV|2|1|ouvisa
2025-05-21 11:07:36,799 [INFO] Mensagem privada enviada de 2 para 1: ouvisa
2025-05-21 11:07:36,799 [INFO] Mensagem recebida no canal de replicacao: REPL|1|PRIV|2|1|2025-05-21 11:07:36|ouvisa
2025-05-21 11:07:36,799 [INFO] Mensagem recebida no canal de replicacao: REPL|1|PRIV|2|1|2025-05-21 11:07:36|ouvisa
2025-05-21 11:07:57,772 [INFO] Servidor 2 recebeu comando: PUB|1|fgergjer
2025-05-21 11:07:57,772 [INFO] Publicacao de 1 encaminhada: fgergjer
2025-05-21 11:07:57,772 [INFO] Mensagem recebida no canal de replicacao: REPL|2|PUB|1|2025-05-21 11:07:57|fgergjer
2025-05-21 11:07:57,772 [INFO] Mensagem recebida no canal de replicacao: REPL|2|PUB|1|2025-05-21 11:07:57|fgergjer
2025-05-21 11:08:03,720 [INFO] Coordenador 2: pedido de sincronizacao enviado.
2025-05-21 11:08:03,720 [INFO] Mensagem recebida no canal de replicacao: SYNC|REQUEST|2|1747836461.5180585
2025-05-21 11:08:03,720 [INFO] Servidor 2 enviou SYNC|REPLY com seu horario.
2025-05-21 11:08:03,720 [INFO] Mensagem recebida no canal de replicacao: SYNC|REPLY|2|1747836461.5180585
2025-05-21 11:08:03,720 [INFO] Sincronizacao: recebida resposta de 2 com tempo 1747836461.5180585.
2025-05-21 11:08:43,676 [INFO] Servidor 2 iniciado e aguardando comandos...
2025-05-21 11:08:43,676 [INFO] Servidor 1 iniciado e aguardando comandos...
2025-05-21 11:08:43,676 [INFO] Servidor 2 escutando mensagens de replicação, eleição e sincronização.
2025-05-21 11:08:43,676 [INFO] Servidor 1 escutando mensagens de replicação, eleição e sincronização.
2025-05-21 11:08:44,983 [INFO] [2] Iniciando eleição com delay de 1.294355194782007 segundos.
2025-05-21 11:08:44,983 [INFO] Mensagem recebida no canal de replicação: ELEC|2|ELECTION
2025-05-21 11:08:44,983 [INFO] Mensagem recebida no canal de replicação: ELEC|2|ELECTION
2025-05-21 11:08:45,650 [INFO] [1] Iniciando eleição com delay de 1.9503170097079376 segundos.
2025-05-21 11:08:45,650 [INFO] Mensagem recebida no canal de replicação: ELEC|1|ELECTION
2025-05-21 11:08:45,650 [INFO] Mensagem recebida no canal de replicação: ELEC|1|ELECTION
2025-05-21 11:08:45,650 [INFO] Servidor 2 enviando OK para a eleição em resposta a 1.
2025-05-21 11:08:45,650 [INFO] Mensagem recebida no canal de replicação: ELEC|2|OK
2025-05-21 11:08:45,650 [INFO] Mensagem recebida no canal de replicação: ELEC|2|OK
2025-05-21 11:08:45,650 [INFO] Servidor 2 recebeu OK na eleição de 2.
2025-05-21 11:08:45,650 [INFO] Servidor 1 recebeu OK na eleição de 2.
2025-05-21 11:08:49,032 [INFO] Servidor 2 recebeu comando: PRIV|1|2|oi
2025-05-21 11:08:49,032 [INFO] Mensagem privada enviada de 1 para 2: oi
2025-05-21 11:08:49,032 [INFO] Mensagem recebida no canal de replicação: REPL|2|PRIV|1|2|2025-05-21 11:08:49|oi
2025-05-21 11:08:49,032 [INFO] Mensagem recebida no canal de replicação: REPL|2|PRIV|1|2|2025-05-21 11:08:49|oi
2025-05-21 11:08:49,991 [INFO] [2] Declarado como coordenador.
2025-05-21 11:08:49,991 [INFO] Coordenador 2: pedido de sincronização enviado.
2025-05-21 11:08:49,991 [INFO] Mensagem recebida no canal de replicação: ELEC|2|COORDINATOR
2025-05-21 11:08:49,991 [INFO] Mensagem recebida no canal de replicação: ELEC|2|COORDINATOR
2025-05-21 11:08:49,991 [INFO] Servidor 2 atualiza coordenador para 2.
2025-05-21 11:08:49,991 [INFO] Servidor 1 atualiza coordenador para 2.
2025-05-21 11:08:49,991 [INFO] Mensagem recebida no canal de replicação: SYNC|REQUEST|2|1747836529.9919953
2025-05-21 11:08:49,991 [INFO] Servidor 1 enviou SYNC|REPLY com seu horário.
2025-05-21 11:08:49,991 [INFO] Mensagem recebida no canal de replicação: SYNC|REPLY|1|1747836529.9919953
2025-05-21 11:08:49,991 [INFO] Sincronização: recebida resposta de 1 com tempo 1747836529.9919953.
2025-05-21 11:08:50,656 [INFO] [1] Declarado como coordenador.
2025-05-21 11:08:50,656 [INFO] Coordenador 1: pedido de sincronização enviado.
2025-05-21 11:08:50,656 [INFO] Mensagem recebida no canal de replicação: ELEC|1|COORDINATOR
2025-05-21 11:08:50,656 [INFO] Mensagem recebida no canal de replicação: ELEC|1|COORDINATOR
2025-05-21 11:08:50,656 [INFO] Servidor 1 atualiza coordenador para 1.
2025-05-21 11:08:50,656 [INFO] Servidor 2 atualiza coordenador para 1.
2025-05-21 11:08:50,656 [INFO] Mensagem recebida no canal de replicação: SYNC|REQUEST|1|1747836530.6568527
2025-05-21 11:08:50,656 [INFO] Mensagem recebida no canal de replicação: SYNC|REQUEST|1|1747836530.6568527
2025-05-21 11:08:50,656 [INFO] Servidor 2 enviou SYNC|REPLY com seu horário.
2025-05-21 11:08:50,656 [INFO] Mensagem recebida no canal de replicação: SYNC|REPLY|2|1747836530.6568527
2025-05-21 11:08:50,656 [INFO] Mensagem recebida no canal de replicação: SYNC|REPLY|2|1747836530.6568527
2025-05-21 11:08:50,656 [INFO] Sincronização: recebida resposta de 2 com tempo 1747836530.6568527.
2025-05-21 11:08:50,656 [INFO] Sincronização: recebida resposta de 2 com tempo 1747836530.6568527.
2025-05-21 23:25:46,052 [INFO] Servidor 2 iniciado e aguardando comandos...
2025-05-21 23:25:46,052 [INFO] Servidor 2 escutando mensagens de replicação, eleição e sincronização.
2025-05-21 23:25:46,062 [INFO] Servidor 1 iniciado e aguardando comandos...
2025-05-21 23:25:46,070 [INFO] Servidor 1 escutando mensagens de replicação, eleição e sincronização.
2025-05-21 23:25:47,036 [INFO] Mensagem recebida no canal de replicação: ELEC|2|ELECTION
2025-05-21 23:25:47,036 [INFO] Servidor 3 enviando OK para a eleição em resposta a 2.
2025-05-21 23:25:47,036 [INFO] Mensagem recebida no canal de replicação: ELEC|2|ELECTION
2025-05-21 23:25:47,036 [INFO] Mensagem recebida no canal de replicação: ELEC|2|ELECTION
2025-05-21 23:25:47,036 [INFO] Mensagem recebida no canal de replicação: ELEC|3|OK
2025-05-21 23:25:47,036 [INFO] Servidor 3 recebeu OK na eleição de 3.
2025-05-21 23:25:47,036 [INFO] Mensagem recebida no canal de replicação: ELEC|3|OK
2025-05-21 23:25:47,036 [INFO] Servidor 2 recebeu OK na eleição de 3.
2025-05-21 23:25:47,036 [INFO] Servidor 1 recebeu OK na eleição de 3.
2025-05-21 23:25:47,912 [INFO] Mensagem recebida no canal de replicação: ELEC|1|ELECTION
2025-05-21 23:25:47,912 [INFO] Mensagem recebida no canal de replicação: ELEC|1|ELECTION
2025-05-21 23:25:47,912 [INFO] Servidor 2 enviando OK para a eleição em resposta a 1.
2025-05-21 23:25:47,912 [INFO] Servidor 3 enviando OK para a eleição em resposta a 1.
2025-05-21 23:25:47,912 [INFO] Mensagem recebida no canal de replicação: ELEC|3|OK
2025-05-21 23:25:47,912 [INFO] Servidor 3 recebeu OK na eleição de 3.
2025-05-21 23:25:47,912 [INFO] Mensagem recebida no canal de replicação: ELEC|3|OK
2025-05-21 23:25:47,912 [INFO] Servidor 2 recebeu OK na eleição de 3.
2025-05-21 23:25:47,912 [INFO] Mensagem recebida no canal de replicação: ELEC|3|OK
2025-05-21 23:25:47,912 [INFO] Servidor 1 recebeu OK na eleição de 3.
2025-05-21 23:25:47,912 [INFO] Mensagem recebida no canal de replicação: ELEC|2|OK
2025-05-21 23:25:47,912 [INFO] Mensagem recebida no canal de replicação: ELEC|2|OK
2025-05-21 23:25:47,912 [INFO] Mensagem recebida no canal de replicação: ELEC|2|OK
2025-05-21 23:25:47,912 [INFO] Servidor 1 recebeu OK na eleição de 2.
2025-05-21 23:25:47,912 [INFO] Servidor 3 recebeu OK na eleição de 2.
2025-05-21 23:25:47,912 [INFO] Servidor 2 recebeu OK na eleição de 2.
2025-05-21 23:25:48,061 [INFO] Mensagem recebida no canal de replicação: ELEC|3|ELECTION
2025-05-21 23:25:48,061 [INFO] Mensagem recebida no canal de replicação: ELEC|3|ELECTION
2025-05-21 23:25:50,896 [INFO] Servidor 3 recebeu comando: PRIV|1|4|oi
2025-05-21 23:25:50,896 [INFO] Mensagem privada enviada de 1 para 4: oi
2025-05-21 23:25:50,896 [INFO] Mensagem recebida no canal de replicação: REPL|3|PRIV|1|4|2025-05-21 23:25:50|oi
2025-05-21 23:25:50,896 [INFO] Mensagem recebida no canal de replicação: REPL|3|PRIV|1|4|2025-05-21 23:25:50|oi
2025-05-21 23:25:55,065 [INFO] Mensagem recebida no canal de replicação: ELEC|3|COORDINATOR
2025-05-21 23:25:55,065 [INFO] Mensagem recebida no canal de replicação: ELEC|3|COORDINATOR
2025-05-21 23:25:55,065 [INFO] Servidor 2 atualiza coordenador para 3.
2025-05-21 23:25:55,065 [INFO] Servidor 1 atualiza coordenador para 3.
2025-05-21 23:25:55,065 [INFO] Mensagem recebida no canal de replicação: SYNC|REQUEST|3|1747880755.0654469
2025-05-21 23:25:55,065 [INFO] Mensagem recebida no canal de replicação: SYNC|REQUEST|3|1747880755.0654469
2025-05-21 23:25:55,065 [INFO] Servidor 1 enviou SYNC|REPLY com seu horário.
2025-05-21 23:25:55,065 [INFO] Servidor 2 enviou SYNC|REPLY com seu horário.
2025-05-21 23:25:55,065 [INFO] Mensagem recebida no canal de replicação: SYNC|REPLY|1|1747880755.0654469
2025-05-21 23:25:55,065 [INFO] Mensagem recebida no canal de replicação: SYNC|REPLY|1|1747880755.0654469
2025-05-21 23:25:55,065 [INFO] Sincronização: recebida resposta de 1 com tempo 1747880755.0654469.
2025-05-21 23:25:55,065 [INFO] Sincronização: recebida resposta de 1 com tempo 1747880755.0654469.
2025-05-21 23:25:55,065 [INFO] Mensagem recebida no canal de replicação: SYNC|REPLY|2|1747880755.0654469
2025-05-21 23:25:55,065 [INFO] Mensagem recebida no canal de replicação: SYNC|REPLY|2|1747880755.0654469
2025-05-21 23:25:55,065 [INFO] Sincronização: recebida resposta de 2 com tempo 1747880755.0654469.
2025-05-21 23:25:55,065 [INFO] Sincronização: recebida resposta de 2 com tempo 1747880755.0654469.
2025-05-21 23:25:55,065 [INFO] Mensagem recebida no canal de replicação: SYNC|REPLY|2|1747880755.0654469
2025-05-21 23:25:55,065 [INFO] Sincronização: recebida resposta de 2 com tempo 1747880755.0654469.
2025-05-21 23:26:00,067 [INFO] Ajuste de relógio: offset modificado em -3.3343935012817383 segundos. Novo offset: -3.3343935012817383
2025-05-21 23:26:00,067 [INFO] Mensagem recebida no canal de replicação: SYNC|ADJUST|ALL|-3.3343935012817383
2025-05-21 23:26:00,067 [INFO] Mensagem recebida no canal de replicação: SYNC|ADJUST|ALL|-3.3343935012817383
2025-05-21 23:26:00,067 [INFO] Ajuste de relógio: offset modificado em -3.3343935012817383 segundos. Novo offset: -6.668787002563477
2025-05-21 23:26:00,067 [INFO] Ajuste de relógio: offset modificado em -3.3343935012817383 segundos. Novo offset: -3.3343935012817383
2025-05-21 23:26:00,067 [INFO] Sincronização: ajuste aplicado para ALL com offset -3.3343935012817383.
