2025-05-21 23:25:45 Cliente 1 iniciado.
2025-05-21 23:25:45 Iniciando thread de notificações no cliente 1
2025-05-21 23:25:50 Mensagem privada enviada para 4: oi
2025-05-21 23:25:50 Resposta do servidor: Mensagem privada enviada.
2025-05-22 11:01:34 Cliente 1 iniciado.
2025-05-22 11:01:34 Iniciando thread de notificações no cliente 1
2025-05-22 11:07:05 Cliente 1 iniciado.
2025-05-22 11:07:05 Iniciando thread de notificações no cliente 1
2025-05-22 11:08:45 Mensagem privada enviada para 21: o
2025-05-22 11:08:45 Resposta do servidor: Mensagem privada enviada.
2025-05-22 11:08:48 Mensagem privada enviada para 2: oi
2025-05-22 11:08:48 Resposta do servidor: Mensagem privada enviada.
2025-05-22 11:09:49 Publicacao enviada: aloo
2025-05-22 11:09:49 Resposta do servidor: Publicação enviada.
2025-05-22 11:20:41 Cliente 1 iniciado.
2025-05-22 11:20:41 Iniciando thread de notificações no cliente 1
2025-05-22 11:21:52 Cliente 1 iniciado.
2025-05-22 11:21:52 Iniciando thread de notificações no cliente 1
2025-05-22 11:22:09 Mensagem Privada recebida: PVT|1|Private from Cliente 2 at 2025-05-22 11:22:09: oioi
2025-05-22 11:24:02 Publicacao enviada: oioi
2025-05-22 11:24:02 Resposta do servidor: Publicacao enviada.
